<?xml version="1.0" encoding="UTF-8" ?>
<testsuite tests="6" failures="0" name="runner.RunnerTest" time="0.672" errors="6" skipped="0">
  <properties>
[...]
</properties>
  <testcase classname="Aplicação" name="Login com sucesso" time="0.327">
    <error message="Cannot invoke &quot;String.hashCode()&quot; because &quot;&lt;local1&gt;&quot; is null" type="java.lang.NullPointerException">java.lang.NullPointerException: Cannot invoke &quot;String.hashCode()&quot; because &quot;&lt;local1&gt;&quot; is null
	at core.DriverFactory.getDriver(DriverFactory.java:33)
	at core.DSL.abrirUrl(DSL.java:121)
	at pages.LoginPages.entrarSite(LoginPages.java:10)
	at functions.LoginFunctions.entrarSite(LoginFunctions.java:10)
	at stepsDefinition.LoginSteps.que_eu_entre_no_menu_login(LoginSteps.java:15)
	at ✽.que eu entre no menu login(file:///D:/Automações/Automacao_Asuna/src/test/resources/features/Automacao.feature:9)
</error>
    <system-out>nome da pasta da evidencia: 20221011
Caminho completo: target/evidencias/20221011/Login com sucesso/20221011095503
Nome diretorio: 20221011/Login com sucesso/20221011095503
Caminho completo: target/evidencias/20221011/Login com sucesso/20221011095503
Nome diretorio: 20221011/Login com sucesso/20221011095503
</system-out>
  </testcase>
  <testcase classname="Aplicação" name="Login com sucesso" time="0.328">
    <error message="Cannot invoke &quot;String.hashCode()&quot; because &quot;&lt;local1&gt;&quot; is null" type="java.lang.NullPointerException">java.lang.NullPointerException: Cannot invoke &quot;String.hashCode()&quot; because &quot;&lt;local1&gt;&quot; is null
	at core.DriverFactory.getDriver(DriverFactory.java:33)
	at core.BaseTest.takeScreenshot(BaseTest.java:52)
	at stepsDefinition.Hooks.aposCenario(Hooks.java:73)
</error>
  </testcase>
  <testcase classname="Aplicação" name="Login sem E-mail #1" time="0">
    <error message="Cannot invoke &quot;String.hashCode()&quot; because &quot;&lt;local1&gt;&quot; is null" type="java.lang.NullPointerException">java.lang.NullPointerException: Cannot invoke &quot;String.hashCode()&quot; because &quot;&lt;local1&gt;&quot; is null
	at core.DriverFactory.getDriver(DriverFactory.java:33)
	at core.DSL.abrirUrl(DSL.java:121)
	at pages.LoginPages.entrarSite(LoginPages.java:10)
	at functions.LoginFunctions.entrarSite(LoginFunctions.java:10)
	at stepsDefinition.LoginSteps.que_eu_entre_no_menu_login(LoginSteps.java:15)
	at ✽.que eu entre no menu login(file:///D:/Automações/Automacao_Asuna/src/test/resources/features/Automacao.feature:18)
</error>
    <system-out>nome da pasta da evidencia: 20221011
Caminho completo: target/evidencias/20221011/Login sem E-mail/20221011095503
Nome diretorio: 20221011/Login sem E-mail/20221011095503
Caminho completo: target/evidencias/20221011/Login sem E-mail/20221011095503
Nome diretorio: 20221011/Login sem E-mail/20221011095503
</system-out>
  </testcase>
  <testcase classname="Aplicação" name="Login sem E-mail #1" time="0.001">
    <error message="Cannot invoke &quot;String.hashCode()&quot; because &quot;&lt;local1&gt;&quot; is null" type="java.lang.NullPointerException">java.lang.NullPointerException: Cannot invoke &quot;String.hashCode()&quot; because &quot;&lt;local1&gt;&quot; is null
	at core.DriverFactory.getDriver(DriverFactory.java:33)
	at core.BaseTest.takeScreenshot(BaseTest.java:52)
	at stepsDefinition.Hooks.aposCenario(Hooks.java:73)
</error>
  </testcase>
  <testcase classname="Aplicação" name="Login sem E-mail #2" time="0.008">
    <error message="Cannot invoke &quot;String.hashCode()&quot; because &quot;&lt;local1&gt;&quot; is null" type="java.lang.NullPointerException">java.lang.NullPointerException: Cannot invoke &quot;String.hashCode()&quot; because &quot;&lt;local1&gt;&quot; is null
	at core.DriverFactory.getDriver(DriverFactory.java:33)
	at core.DSL.abrirUrl(DSL.java:121)
	at pages.LoginPages.entrarSite(LoginPages.java:10)
	at functions.LoginFunctions.entrarSite(LoginFunctions.java:10)
	at stepsDefinition.LoginSteps.que_eu_entre_no_menu_login(LoginSteps.java:15)
	at ✽.que eu entre no menu login(file:///D:/Automações/Automacao_Asuna/src/test/resources/features/Automacao.feature:24)
</error>
    <system-out>nome da pasta da evidencia: 20221011
Caminho completo: target/evidencias/20221011/Login sem E-mail/20221011095503
Nome diretorio: 20221011/Login sem E-mail/20221011095503
Caminho completo: target/evidencias/20221011/Login sem E-mail/20221011095503
Nome diretorio: 20221011/Login sem E-mail/20221011095503
</system-out>
  </testcase>
  <testcase classname="Aplicação" name="Login sem E-mail #2" time="0.008">
    <error message="Cannot invoke &quot;String.hashCode()&quot; because &quot;&lt;local1&gt;&quot; is null" type="java.lang.NullPointerException">java.lang.NullPointerException: Cannot invoke &quot;String.hashCode()&quot; because &quot;&lt;local1&gt;&quot; is null
	at core.DriverFactory.getDriver(DriverFactory.java:33)
	at core.BaseTest.takeScreenshot(BaseTest.java:52)
	at stepsDefinition.Hooks.aposCenario(Hooks.java:73)
</error>
  </testcase>
</testsuite>